<?xml version="1.0" encoding="UTF-8"?>
<testsuite xmlns:xsi="http://www.w3.org/2001/XMLSchema-instance" xsi:noNamespaceSchemaLocation="https://maven.apache.org/surefire/maven-surefire-plugin/xsd/surefire-test-report-3.0.xsd" version="3.0" name="com.dos.GameTest" time="0.163" tests="19" errors="0" skipped="0" failures="0">
  <properties>
    <property name="java.specification.version" value="17"/>
    <property name="sun.cpu.isalist" value="amd64"/>
    <property name="sun.jnu.encoding" value="Cp1252"/>
    <property name="java.class.path" value="C:\Users\ULTRABOOK DELL\OneDrive - UPEC\Bureau\DOS\target\test-classes;C:\Users\ULTRABOOK DELL\OneDrive - UPEC\Bureau\DOS\target\classes;C:\Users\ULTRABOOK DELL\.m2\repository\org\junit\jupiter\junit-jupiter-api\5.8.2\junit-jupiter-api-5.8.2.jar;C:\Users\ULTRABOOK DELL\.m2\repository\org\opentest4j\opentest4j\1.2.0\opentest4j-1.2.0.jar;C:\Users\ULTRABOOK DELL\.m2\repository\org\junit\platform\junit-platform-commons\1.8.2\junit-platform-commons-1.8.2.jar;C:\Users\ULTRABOOK DELL\.m2\repository\org\apiguardian\apiguardian-api\1.1.2\apiguardian-api-1.1.2.jar;C:\Users\ULTRABOOK DELL\.m2\repository\org\junit\jupiter\junit-jupiter-engine\5.8.2\junit-jupiter-engine-5.8.2.jar;C:\Users\ULTRABOOK DELL\.m2\repository\org\junit\platform\junit-platform-engine\1.8.2\junit-platform-engine-1.8.2.jar;"/>
    <property name="java.vm.vendor" value="Oracle Corporation"/>
    <property name="sun.arch.data.model" value="64"/>
    <property name="user.variant" value=""/>
    <property name="java.vendor.url" value="https://java.oracle.com/"/>
    <property name="user.timezone" value="Europe/Paris"/>
    <property name="os.name" value="Windows 10"/>
    <property name="java.vm.specification.version" value="17"/>
    <property name="sun.java.launcher" value="SUN_STANDARD"/>
    <property name="user.country" value="FR"/>
    <property name="sun.boot.library.path" value="C:\Program Files\Java\jdk-17.0.2\bin"/>
    <property name="sun.java.command" value="C:\Users\ULTRABOOK DELL\AppData\Local\Temp\surefire8075478285455943752\surefirebooter-20221212210324153_3.jar C:\Users\ULTRABOOK DELL\AppData\Local\Temp\surefire8075478285455943752 2022-12-12T21-03-23_357-jvmRun1 surefire-20221212210324153_1tmp surefire_0-20221212210324153_2tmp"/>
    <property name="jdk.debug" value="release"/>
    <property name="surefire.test.class.path" value="C:\Users\ULTRABOOK DELL\OneDrive - UPEC\Bureau\DOS\target\test-classes;C:\Users\ULTRABOOK DELL\OneDrive - UPEC\Bureau\DOS\target\classes;C:\Users\ULTRABOOK DELL\.m2\repository\org\junit\jupiter\junit-jupiter-api\5.8.2\junit-jupiter-api-5.8.2.jar;C:\Users\ULTRABOOK DELL\.m2\repository\org\opentest4j\opentest4j\1.2.0\opentest4j-1.2.0.jar;C:\Users\ULTRABOOK DELL\.m2\repository\org\junit\platform\junit-platform-commons\1.8.2\junit-platform-commons-1.8.2.jar;C:\Users\ULTRABOOK DELL\.m2\repository\org\apiguardian\apiguardian-api\1.1.2\apiguardian-api-1.1.2.jar;C:\Users\ULTRABOOK DELL\.m2\repository\org\junit\jupiter\junit-jupiter-engine\5.8.2\junit-jupiter-engine-5.8.2.jar;C:\Users\ULTRABOOK DELL\.m2\repository\org\junit\platform\junit-platform-engine\1.8.2\junit-platform-engine-1.8.2.jar;"/>
    <property name="sun.cpu.endian" value="little"/>
    <property name="user.home" value="C:\Users\ULTRABOOK DELL"/>
    <property name="user.language" value="fr"/>
    <property name="java.specification.vendor" value="Oracle Corporation"/>
    <property name="java.version.date" value="2022-01-18"/>
    <property name="java.home" value="C:\Program Files\Java\jdk-17.0.2"/>
    <property name="file.separator" value="\"/>
    <property name="basedir" value="C:\Users\ULTRABOOK DELL\OneDrive - UPEC\Bureau\DOS"/>
    <property name="java.vm.compressedOopsMode" value="Zero based"/>
    <property name="line.separator" value="&#10;"/>
    <property name="java.vm.specification.vendor" value="Oracle Corporation"/>
    <property name="java.specification.name" value="Java Platform API Specification"/>
    <property name="surefire.real.class.path" value="C:\Users\ULTRABOOK DELL\AppData\Local\Temp\surefire8075478285455943752\surefirebooter-20221212210324153_3.jar"/>
    <property name="user.script" value=""/>
    <property name="sun.management.compiler" value="HotSpot 64-Bit Tiered Compilers"/>
    <property name="java.runtime.version" value="17.0.2+8-LTS-86"/>
    <property name="user.name" value="ULTRABOOK DELL"/>
    <property name="path.separator" value=";"/>
    <property name="os.version" value="10.0"/>
    <property name="java.runtime.name" value="Java(TM) SE Runtime Environment"/>
    <property name="file.encoding" value="Cp1252"/>
    <property name="java.vm.name" value="Java HotSpot(TM) 64-Bit Server VM"/>
    <property name="localRepository" value="C:\Users\ULTRABOOK DELL\.m2\repository"/>
    <property name="java.vendor.url.bug" value="https://bugreport.java.com/bugreport/"/>
    <property name="java.io.tmpdir" value="C:\Users\ULTRABOOK DELL\AppData\Local\Temp\"/>
    <property name="java.version" value="17.0.2"/>
    <property name="user.dir" value="C:\Users\ULTRABOOK DELL\OneDrive - UPEC\Bureau\DOS"/>
    <property name="os.arch" value="amd64"/>
    <property name="java.vm.specification.name" value="Java Virtual Machine Specification"/>
    <property name="sun.os.patch.level" value=""/>
    <property name="native.encoding" value="Cp1252"/>
    <property name="java.library.path" value="C:\Program Files\Java\jdk-17.0.2\bin;C:\WINDOWS\Sun\Java\bin;C:\WINDOWS\system32;C:\WINDOWS;C:\Program Files\Common Files\Oracle\Java\javapath;C:\WINDOWS\system32;C:\WINDOWS;C:\WINDOWS\System32\Wbem;C:\WINDOWS\System32\WindowsPowerShell\v1.0\;C:\WINDOWS\System32\OpenSSH\;C:\Program Files\dotnet\;C:\ProgramData\chocolatey\bin;C:\ProgramData\chocolatey\lib\maven\apache-maven-3.8.6\bin;C:\Program Files\Git\cmd;C:\Users\ULTRABOOK DELL\AppData\Local\Microsoft\WindowsApps;C:\Users\ULTRABOOK DELL\AppData\Local\Programs\Microsoft VS Code\bin;C:\Users\ULTRABOOK DELL\AppData\Local\GitHubDesktop\bin;."/>
    <property name="java.vm.info" value="mixed mode, sharing"/>
    <property name="java.vendor" value="Oracle Corporation"/>
    <property name="java.vm.version" value="17.0.2+8-LTS-86"/>
    <property name="sun.io.unicode.encoding" value="UnicodeLittle"/>
    <property name="java.class.version" value="61.0"/>
  </properties>
  <testcase name="testHasTwoIdenticalCards2" classname="com.dos.GameTest" time="0.007"/>
  <testcase name="testGetStockpile" classname="com.dos.GameTest" time="0.002"/>
  <testcase name="testGetPlayerHandSize" classname="com.dos.GameTest" time="0.002"/>
  <testcase name="testCountColor" classname="com.dos.GameTest" time="0.003"/>
  <testcase name="testAddCard" classname="com.dos.GameTest" time="0.011">
    <system-out><![CDATA[
joueur 1 joue la carte RED_ONE dans la stockPile 1.
]]></system-out>
  </testcase>
  <testcase name="testHasEmptyHand" classname="com.dos.GameTest" time="0.002"/>
  <testcase name="testSumCards" classname="com.dos.GameTest" time="0.003">
    <system-out><![CDATA[
joueur 1 joue les cartes RED_THREE et RED_ONE dans la stockPile 2.
]]></system-out>
  </testcase>
  <testcase name="testGetPlayerHand" classname="com.dos.GameTest" time="0.004"/>
  <testcase name="testGetPlayers" classname="com.dos.GameTest" time="0.001"/>
  <testcase name="testGetCurrentPlayer" classname="com.dos.GameTest" time="0.017"/>
  <testcase name="testPlayWildTwo" classname="com.dos.GameTest" time="0.001">
    <system-out><![CDATA[
joueur 1 joue la carte WILD_WILD_TWO dans le stockPile 1 et demande la couleur BLUE.
]]></system-out>
  </testcase>
  <testcase name="testHasThreeIdenticalCards2" classname="com.dos.GameTest" time="0.004"/>
  <testcase name="testHasThreeIdenticalCards" classname="com.dos.GameTest" time="0.004"/>
  <testcase name="testValidCardPlay" classname="com.dos.GameTest" time="0.003"/>
  <testcase name="testHasTwoIdenticalCards" classname="com.dos.GameTest" time="0.003"/>
  <testcase name="testValidCardPlay2" classname="com.dos.GameTest" time="0.003"/>
  <testcase name="testSubmitDraw" classname="com.dos.GameTest" time="0.002"/>
  <testcase name="testSubmiTwoCards" classname="com.dos.GameTest" time="0.004">
    <system-out><![CDATA[
joueur 1 joue deux cartes RED_ONE dans la stockPile 1.
]]></system-out>
  </testcase>
  <testcase name="testSubmiThreeCards" classname="com.dos.GameTest" time="0.006">
    <system-out><![CDATA[Restart

joueur 1 joue trois cartes RED_ONE dans la stockPile 1. 

]]></system-out>
  </testcase>
</testsuite>